2020-05-18 09:54:06.195  WARN 12312 --- [restartedMain] c.c.c.ConfigServicePropertySourceLocator : Could not locate PropertySource: I/O error on GET request for "http://localhost:8888/UserManagement/default": Connection refused: no further information; nested exception is java.net.ConnectException: Connection refused: no further information
2020-05-18 09:54:06.199  INFO 12312 --- [restartedMain] com.cg.UserManagementApplication         : No active profile set, falling back to default profiles: default
2020-05-18 09:54:10.684  WARN 12312 --- [restartedMain] o.s.boot.actuate.endpoint.EndpointId     : Endpoint ID 'service-registry' contains invalid characters, please migrate to a valid format.
2020-05-18 09:54:12.351  WARN 12312 --- [restartedMain] c.n.c.sources.URLConfigurationSource     : No URLs will be polled as dynamic configuration sources.
2020-05-18 09:54:30.117  WARN 12312 --- [restartedMain] o.s.b.d.a.OptionalLiveReloadServer       : Unable to start LiveReload server
2020-05-18 09:54:30.836  WARN 12312 --- [restartedMain] c.n.c.sources.URLConfigurationSource     : No URLs will be polled as dynamic configuration sources.
2020-05-18 09:54:30.937  WARN 12312 --- [restartedMain] JpaBaseConfiguration$JpaWebConfiguration : spring.jpa.open-in-view is enabled by default. Therefore, database queries may be performed during view rendering. Explicitly configure spring.jpa.open-in-view to disable this warning
2020-05-18 09:54:32.205  WARN 12312 --- [restartedMain] ockingLoadBalancerClientRibbonWarnLogger : You already have RibbonLoadBalancerClient on your classpath. It will be used by default. As Spring Cloud Ribbon is in maintenance mode. We recommend switching to BlockingLoadBalancerClient instead. In order to use it, set the value of `spring.cloud.loadbalancer.ribbon.enabled` to `false` or remove spring-cloud-starter-netflix-ribbon from your project.
2020-05-18 09:54:35.645  INFO 12312 --- [restartedMain] com.cg.UserManagementApplication         : Started UserManagementApplication in 34.557 seconds (JVM running for 36.301)
2020-05-18 10:01:11.833  INFO 12312 --- [http-nio-8001-exec-9] com.cg.util.UserController               : Inside registerUser() method of UserController
2020-05-18 10:02:11.147  WARN 12312 --- [Thread-1] com.netflix.discovery.DiscoveryClient    : Saw local status change event StatusChangeEvent [timestamp=1589776331147, current=DOWN, previous=UP]
2020-05-18 10:02:11.229 ERROR 12312 --- [Thread-1] .SchemaDropperImpl$DelayedDropActionImpl : HHH000478: Unsuccessful: drop table address if exists
2020-05-18 10:02:11.231 ERROR 12312 --- [Thread-1] .SchemaDropperImpl$DelayedDropActionImpl : HHH000478: Unsuccessful: drop table login if exists
2020-05-18 10:02:11.483  WARN 12312 --- [Thread-1] o.s.b.f.support.DisposableBeanAdapter    : Invocation of destroy method failed on bean with name 'inMemoryDatabaseShutdownExecutor': org.h2.jdbc.JdbcSQLNonTransientConnectionException: Database is already closed (to disable automatic closing at VM shutdown, add ";DB_CLOSE_ON_EXIT=FALSE" to the db URL) [90121-200]
2020-05-18 10:02:18.400  WARN 12312 --- [restartedMain] c.c.c.ConfigServicePropertySourceLocator : Could not locate PropertySource: I/O error on GET request for "http://localhost:8888/UserManagement/default": Connection refused: no further information; nested exception is java.net.ConnectException: Connection refused: no further information
2020-05-18 10:02:18.402  INFO 12312 --- [restartedMain] com.cg.UserManagementApplication         : No active profile set, falling back to default profiles: default
2020-05-18 10:02:20.728  WARN 12312 --- [restartedMain] o.s.b.d.a.OptionalLiveReloadServer       : Unable to start LiveReload server
2020-05-18 10:02:20.846  WARN 12312 --- [restartedMain] c.n.c.sources.URLConfigurationSource     : No URLs will be polled as dynamic configuration sources.
2020-05-18 10:02:20.883  WARN 12312 --- [restartedMain] JpaBaseConfiguration$JpaWebConfiguration : spring.jpa.open-in-view is enabled by default. Therefore, database queries may be performed during view rendering. Explicitly configure spring.jpa.open-in-view to disable this warning
2020-05-18 10:02:21.718  WARN 12312 --- [restartedMain] ockingLoadBalancerClientRibbonWarnLogger : You already have RibbonLoadBalancerClient on your classpath. It will be used by default. As Spring Cloud Ribbon is in maintenance mode. We recommend switching to BlockingLoadBalancerClient instead. In order to use it, set the value of `spring.cloud.loadbalancer.ribbon.enabled` to `false` or remove spring-cloud-starter-netflix-ribbon from your project.
2020-05-18 10:02:23.011  INFO 12312 --- [restartedMain] com.cg.UserManagementApplication         : Started UserManagementApplication in 7.739 seconds (JVM running for 503.667)
2020-05-18 10:02:23.011  WARN 12312 --- [Thread-9] com.netflix.discovery.DiscoveryClient    : Saw local status change event StatusChangeEvent [timestamp=1589776343011, current=DOWN, previous=UP]
2020-05-18 10:02:23.020 ERROR 12312 --- [Thread-9] .SchemaDropperImpl$DelayedDropActionImpl : HHH000478: Unsuccessful: drop table address if exists
2020-05-18 10:02:23.021 ERROR 12312 --- [Thread-9] .SchemaDropperImpl$DelayedDropActionImpl : HHH000478: Unsuccessful: drop table login if exists
2020-05-18 10:02:23.228  WARN 12312 --- [Thread-9] o.s.b.f.support.DisposableBeanAdapter    : Invocation of destroy method failed on bean with name 'inMemoryDatabaseShutdownExecutor': org.h2.jdbc.JdbcSQLNonTransientConnectionException: Database is already closed (to disable automatic closing at VM shutdown, add ";DB_CLOSE_ON_EXIT=FALSE" to the db URL) [90121-200]
2020-05-18 10:02:29.824  WARN 12312 --- [restartedMain] c.c.c.ConfigServicePropertySourceLocator : Could not locate PropertySource: I/O error on GET request for "http://localhost:8888/UserManagement/default": Connection refused: no further information; nested exception is java.net.ConnectException: Connection refused: no further information
2020-05-18 10:02:29.825  INFO 12312 --- [restartedMain] com.cg.UserManagementApplication         : No active profile set, falling back to default profiles: default
2020-05-18 10:02:31.981  WARN 12312 --- [restartedMain] o.s.b.d.a.OptionalLiveReloadServer       : Unable to start LiveReload server
2020-05-18 10:02:32.099  WARN 12312 --- [restartedMain] c.n.c.sources.URLConfigurationSource     : No URLs will be polled as dynamic configuration sources.
2020-05-18 10:02:32.127  WARN 12312 --- [restartedMain] JpaBaseConfiguration$JpaWebConfiguration : spring.jpa.open-in-view is enabled by default. Therefore, database queries may be performed during view rendering. Explicitly configure spring.jpa.open-in-view to disable this warning
2020-05-18 10:02:32.903  WARN 12312 --- [restartedMain] ockingLoadBalancerClientRibbonWarnLogger : You already have RibbonLoadBalancerClient on your classpath. It will be used by default. As Spring Cloud Ribbon is in maintenance mode. We recommend switching to BlockingLoadBalancerClient instead. In order to use it, set the value of `spring.cloud.loadbalancer.ribbon.enabled` to `false` or remove spring-cloud-starter-netflix-ribbon from your project.
2020-05-18 10:02:33.633  INFO 12312 --- [restartedMain] com.cg.UserManagementApplication         : Started UserManagementApplication in 6.907 seconds (JVM running for 514.289)
2020-05-18 10:03:51.498  WARN 12312 --- [RMI TCP Connection(3)-127.0.0.1] com.netflix.discovery.DiscoveryClient    : Saw local status change event StatusChangeEvent [timestamp=1589776431498, current=DOWN, previous=UP]
2020-05-18 10:03:51.507 ERROR 12312 --- [RMI TCP Connection(3)-127.0.0.1] .SchemaDropperImpl$DelayedDropActionImpl : HHH000478: Unsuccessful: drop table address if exists
2020-05-18 10:03:51.508 ERROR 12312 --- [RMI TCP Connection(3)-127.0.0.1] .SchemaDropperImpl$DelayedDropActionImpl : HHH000478: Unsuccessful: drop table login if exists
2020-05-18 10:03:51.715  WARN 12312 --- [RMI TCP Connection(3)-127.0.0.1] o.s.b.f.support.DisposableBeanAdapter    : Invocation of destroy method failed on bean with name 'inMemoryDatabaseShutdownExecutor': org.h2.jdbc.JdbcSQLNonTransientConnectionException: Database is already closed (to disable automatic closing at VM shutdown, add ";DB_CLOSE_ON_EXIT=FALSE" to the db URL) [90121-200]
